StrawmanFRAME001	compsprite	23,StrawmanSET
			compsubsprite	0,0,0,0,45,61
			compsubsprite	0,0,0,0,48,79
			compsubsprite	2,1,0,0,59,92
			compsubsprite	0,0,0,0,-35,61
			compsubsprite	0,0,0,0,-36,78
			compsubsprite	9,0,0,0,51,2
			compsubsprite	3,0,0,0,12,-54
			compsubsprite	8,0,0,0,4,-35
			compsubsprite	7,0,0,0,4,-30
			compsubsprite	4,1,0,0,-22,40
			compsubsprite	2,0,0,0,-43,90
			compsubsprite	4,0,0,0,38,40
			compsubsprite	0,0,0,0,8,-37
			compsubsprite	1,1,0,0,49,-69
			compsubsprite	1,0,1,0,-47,19
			compsubsprite	0,0,0,0,47,-53
			compsubsprite	0,0,0,0,47,-37
			compsubsprite	0,0,0,0,-43,3
			compsubsprite	0,0,0,0,-33,-11
			compsubsprite	6,0,0,0,9,10
			compsubsprite	5,0,0,0,10,-11
			compsubsprite	0,0,0,0,38,-26
			compsubsprite	0,0,0,0,-21,-21
StrawmanFRAME002	compsprite	23,StrawmanSET
			compsubsprite	0,0,0,0,45,57
			compsubsprite	0,0,0,0,46,76
			compsubsprite	0,0,0,0,-39,57
			compsubsprite	0,0,0,0,-39,73
			compsubsprite	9,0,0,0,49,2
			compsubsprite	3,0,0,0,12,-54
			compsubsprite	8,0,0,0,3,-36
			compsubsprite	7,0,0,0,4,-30
			compsubsprite	4,1,0,0,-23,41
			compsubsprite	2,0,0,0,-46,87
			compsubsprite	4,0,0,0,36,41
			compsubsprite	2,1,0,0,54,89
			compsubsprite	0,0,0,0,8,-37
			compsubsprite	1,1,0,0,68,-59
			compsubsprite	1,0,1,0,-57,16
			compsubsprite	0,0,0,0,63,-44
			compsubsprite	0,0,0,0,52,-31
			compsubsprite	0,0,0,0,-50,-3
			compsubsprite	0,0,0,0,-37,-14
			compsubsprite	6,0,0,0,7,11
			compsubsprite	5,0,0,0,10,-11
			compsubsprite	0,0,0,0,38,-24
			compsubsprite	0,0,0,0,-21,-22
StrawmanFRAME003	compsprite	23,StrawmanSET
			compsubsprite	0,0,0,0,39,56
			compsubsprite	0,0,0,0,41,72
			compsubsprite	0,0,0,0,-49,49
			compsubsprite	0,0,0,0,-50,62
			compsubsprite	9,0,0,0,45,4
			compsubsprite	3,0,0,0,12,-54
			compsubsprite	8,0,0,0,3,-37
			compsubsprite	7,0,0,0,4,-30
			compsubsprite	4,1,0,0,-31,40
			compsubsprite	2,0,0,0,-58,72
			compsubsprite	4,0,0,0,32,43
			compsubsprite	2,1,0,0,50,85
			compsubsprite	0,0,0,0,8,-37
			compsubsprite	1,1,0,0,76,-47
			compsubsprite	1,0,1,0,-58,11
			compsubsprite	0,0,0,0,69,-34
			compsubsprite	0,0,0,0,54,-28
			compsubsprite	0,0,0,0,-53,-8
			compsubsprite	0,0,0,0,-39,-18
			compsubsprite	6,0,0,0,3,13
			compsubsprite	5,0,0,0,10,-11
			compsubsprite	0,0,0,0,38,-23
			compsubsprite	0,0,0,0,-21,-22
StrawmanFRAME004	compsprite	23,StrawmanSET
			compsubsprite	0,0,0,0,40,59
			compsubsprite	0,0,0,0,42,72
			compsubsprite	0,0,0,0,-49,46
			compsubsprite	0,0,0,0,-51,57
			compsubsprite	9,0,0,0,47,8
			compsubsprite	3,0,0,0,12,-54
			compsubsprite	8,0,0,0,4,-38
			compsubsprite	7,0,0,0,4,-30
			compsubsprite	4,1,0,0,-31,37
			compsubsprite	2,0,0,0,-57,70
			compsubsprite	4,0,0,0,33,45
			compsubsprite	2,1,0,0,52,84
			compsubsprite	0,0,0,0,8,-37
			compsubsprite	1,1,0,0,78,-37
			compsubsprite	1,0,1,0,-59,-6
			compsubsprite	0,0,0,0,72,-23
			compsubsprite	0,0,0,0,56,-22
			compsubsprite	0,0,0,0,-55,-21
			compsubsprite	0,0,0,0,-39,-23
			compsubsprite	6,0,0,0,4,15
			compsubsprite	5,0,0,0,10,-11
			compsubsprite	0,0,0,0,38,-22
			compsubsprite	0,0,0,0,-21,-24
StrawmanFRAME005	compsprite	23,StrawmanSET
			compsubsprite	0,0,0,0,44,64
			compsubsprite	0,0,0,0,45,78
			compsubsprite	0,0,0,0,-46,46
			compsubsprite	0,0,0,0,-48,55
			compsubsprite	9,0,0,0,48,13
			compsubsprite	3,0,0,0,12,-54
			compsubsprite	8,0,0,0,5,-39
			compsubsprite	7,0,0,0,4,-30
			compsubsprite	4,1,0,0,-28,37
			compsubsprite	2,0,0,0,-56,67
			compsubsprite	4,0,0,0,34,48
			compsubsprite	2,1,0,0,54,89
			compsubsprite	0,0,0,0,8,-37
			compsubsprite	1,1,1,0,75,1
			compsubsprite	1,0,0,0,-52,-53
			compsubsprite	0,0,0,0,69,-14
			compsubsprite	0,0,0,0,55,-19
			compsubsprite	0,0,0,0,-49,-36
			compsubsprite	0,0,0,0,-36,-28
			compsubsprite	6,0,0,0,5,18
			compsubsprite	5,0,0,0,10,-11
			compsubsprite	0,0,0,0,39,-21
			compsubsprite	0,0,0,0,-20,-24
StrawmanFRAME006	compsprite	23,StrawmanSET
			compsubsprite	0,0,0,0,45,65
			compsubsprite	0,0,0,0,46,79
			compsubsprite	0,0,0,0,-43,50
			compsubsprite	0,0,0,0,-47,66
			compsubsprite	1,1,1,0,76,19
			compsubsprite	3,0,0,0,12,-54
			compsubsprite	8,0,0,0,6,-39
			compsubsprite	7,0,0,0,4,-30
			compsubsprite	4,1,0,0,-28,38
			compsubsprite	2,0,0,0,-56,75
			compsubsprite	4,0,0,0,38,50
			compsubsprite	2,1,0,0,55,90
			compsubsprite	0,0,0,0,8,-37
			compsubsprite	0,0,0,0,70,-1
			compsubsprite	1,0,0,0,-47,-63
			compsubsprite	0,0,0,0,55,-14
			compsubsprite	9,0,0,0,51,11
			compsubsprite	0,0,0,0,-44,-44
			compsubsprite	0,0,0,0,-37,-32
			compsubsprite	6,0,0,0,9,20
			compsubsprite	5,0,0,0,10,-11
			compsubsprite	0,0,0,0,39,-21
			compsubsprite	0,0,0,0,-20,-23
StrawmanFRAME007	compsprite	23,StrawmanSET
			compsubsprite	0,0,0,0,55,70
			compsubsprite	0,0,0,0,54,80
			compsubsprite	0,0,0,0,-34,60
			compsubsprite	0,0,0,0,-43,74
			compsubsprite	1,1,1,0,79,7
			compsubsprite	3,0,0,0,12,-54
			compsubsprite	8,0,0,0,7,-38
			compsubsprite	7,0,0,0,4,-30
			compsubsprite	4,1,0,0,-17,47
			compsubsprite	2,0,0,0,-49,83
			compsubsprite	4,0,0,0,45,47
			compsubsprite	2,1,0,0,62,92
			compsubsprite	0,0,0,0,8,-37
			compsubsprite	0,0,0,0,73,-10
			compsubsprite	1,0,0,0,-57,-57
			compsubsprite	0,0,0,0,58,-19
			compsubsprite	9,0,0,0,58,8
			compsubsprite	0,0,0,0,-53,-39
			compsubsprite	0,0,0,0,-38,-29
			compsubsprite	6,0,0,0,16,17
			compsubsprite	5,0,0,0,10,-11
			compsubsprite	0,0,0,0,39,-21
			compsubsprite	0,0,0,0,-20,-23
StrawmanFRAME008	compsprite	23,StrawmanSET
			compsubsprite	0,0,0,0,57,65
			compsubsprite	0,0,0,0,54,80
			compsubsprite	0,0,0,0,-34,60
			compsubsprite	0,0,0,0,-41,72
			compsubsprite	1,1,1,0,83,-1
			compsubsprite	3,0,0,0,12,-54
			compsubsprite	8,0,0,0,7,-37
			compsubsprite	7,0,0,0,4,-30
			compsubsprite	4,1,0,0,-14,46
			compsubsprite	2,0,0,0,-48,82
			compsubsprite	4,0,0,0,48,46
			compsubsprite	2,1,0,0,63,92
			compsubsprite	0,0,0,0,8,-37
			compsubsprite	0,0,0,0,75,-21
			compsubsprite	1,0,0,0,-58,-53
			compsubsprite	0,0,0,0,57,-26
			compsubsprite	9,0,0,0,61,7
			compsubsprite	0,0,0,0,-54,-36
			compsubsprite	0,0,0,0,-40,-26
			compsubsprite	6,0,0,0,19,16
			compsubsprite	5,0,0,0,10,-11
			compsubsprite	0,0,0,0,39,-21
			compsubsprite	0,0,0,0,-20,-23
StrawmanFRAME009	compsprite	23,StrawmanSET
			compsubsprite	0,0,0,0,52,62
			compsubsprite	0,0,0,0,51,76
			compsubsprite	0,0,0,0,-27,56
			compsubsprite	0,0,0,0,-34,70
			compsubsprite	1,1,1,0,85,-19
			compsubsprite	3,0,0,0,12,-54
			compsubsprite	8,0,0,0,6,-36
			compsubsprite	7,0,0,0,4,-30
			compsubsprite	4,1,0,0,-16,42
			compsubsprite	2,0,0,0,-45,79
			compsubsprite	4,0,0,0,46,42
			compsubsprite	2,1,0,0,62,89
			compsubsprite	0,0,0,0,8,-37
			compsubsprite	0,0,0,0,75,-32
			compsubsprite	1,0,0,0,-64,-39
			compsubsprite	0,0,0,0,56,-31
			compsubsprite	9,0,0,0,60,4
			compsubsprite	0,0,0,0,-58,-22
			compsubsprite	0,0,0,0,-39,-21
			compsubsprite	6,0,0,0,17,12
			compsubsprite	5,0,0,0,10,-11
			compsubsprite	0,0,0,0,39,-21
			compsubsprite	0,0,0,0,-20,-23
StrawmanFRAME010	compsprite	23,StrawmanSET
			compsubsprite	0,0,0,0,51,63
			compsubsprite	0,0,0,0,50,74
			compsubsprite	0,0,0,0,-33,58
			compsubsprite	0,0,0,0,-42,72
			compsubsprite	1,1,0,0,75,-58
			compsubsprite	3,0,0,0,12,-54
			compsubsprite	8,0,0,0,5,-36
			compsubsprite	7,0,0,0,4,-30
			compsubsprite	4,1,0,0,-17,40
			compsubsprite	2,0,0,0,-49,85
			compsubsprite	4,0,0,0,45,40
			compsubsprite	2,1,0,0,63,85
			compsubsprite	0,0,0,0,8,-37
			compsubsprite	0,0,0,0,68,-40
			compsubsprite	1,0,1,0,-54,10
			compsubsprite	0,0,0,0,55,-32
			compsubsprite	9,0,0,0,58,2
			compsubsprite	0,0,0,0,-48,-7
			compsubsprite	0,0,0,0,-36,-17
			compsubsprite	6,0,0,0,16,10
			compsubsprite	5,0,0,0,10,-11
			compsubsprite	0,0,0,0,39,-21
			compsubsprite	0,0,0,0,-20,-23
		
		
		
		
		
